<?xml version="1.0" encoding="utf-8" standalone="no"?>
<!--This file represents the results of running a test suite-->
<test-results name="C:\Users\Administrator\Documents\Visual Studio 2010\Projects\Calc\CalcTest\bin\Debug\CalcTest.dll" total="2" errors="0" failures="0" not-run="0" inconclusive="0" ignored="0" skipped="0" invalid="0" date="2013-01-29" time="11:00:18">
  <environment nunit-version="2.6.2.12296" clr-version="2.0.50727.5466" os-version="Microsoft Windows NT 6.1.7601 Service Pack 1" platform="Win32NT" cwd="C:\Program Files (x86)\NUnit 2.6.2\bin" machine-name="m5169" user="Administrator" user-domain="m5169" />
  <culture-info current-culture="en-US" current-uiculture="en-US" />
  <test-suite type="Assembly" name="C:\Users\Administrator\Documents\Visual Studio 2010\Projects\Calc\CalcTest\bin\Debug\CalcTest.dll" executed="True" result="Success" success="True" time="0.005" asserts="0">
    <results>
      <test-suite type="Namespace" name="CalcTest" executed="True" result="Success" success="True" time="0.005" asserts="0">
        <results>
          <test-suite type="TestFixture" name="TestMethods" executed="True" result="Success" success="True" time="0.004" asserts="0">
            <results>
              <test-case name="CalcTest.TestMethods.AddTest" executed="True" result="Success" success="True" time="0.001" asserts="1" />
              <test-case name="CalcTest.TestMethods.MultTest" executed="True" result="Success" success="True" time="0.001" asserts="1" />
            </results>
          </test-suite>
        </results>
      </test-suite>
    </results>
  </test-suite>
</test-results>