<?xml version="1.0" encoding="utf-8" standalone="no"?>
<!--This file represents the results of running a test suite-->
<test-results name="C:\Users\Administrator\Documents\Visual Studio 2010\Projects\Calc\CalcTest\bin\Debug\CalcTest.dll" total="1" errors="1" failures="0" not-run="0" inconclusive="0" ignored="0" skipped="0" invalid="0" date="2013-01-29" time="10:39:30">
  <environment nunit-version="2.6.2.12296" clr-version="2.0.50727.5466" os-version="Microsoft Windows NT 6.1.7601 Service Pack 1" platform="Win32NT" cwd="C:\Program Files (x86)\NUnit 2.6.2\bin" machine-name="m5169" user="Administrator" user-domain="m5169" />
  <culture-info current-culture="en-US" current-uiculture="en-US" />
  <test-suite type="Assembly" name="C:\Users\Administrator\Documents\Visual Studio 2010\Projects\Calc\CalcTest\bin\Debug\CalcTest.dll" executed="True" result="Failure" success="False" time="0.121" asserts="0">
    <results>
      <test-suite type="Namespace" name="CalcTest" executed="True" result="Failure" success="False" time="0.085" asserts="0">
        <results>
          <test-suite type="TestFixture" name="TestMethods" executed="True" result="Failure" success="False" time="0.083" asserts="0">
            <results>
              <test-case name="CalcTest.TestMethods.AddTest" executed="True" result="Error" success="False" time="0.053" asserts="0">
                <failure>
                  <message><![CDATA[System.BadImageFormatException : Could not load file or assembly 'Calc, Version=1.0.0.0, Culture=neutral, PublicKeyToken=null' or one of its dependencies. An attempt was made to load a program with an incorrect format.]]></message>
                  <stack-trace><![CDATA[at CalcTest.TestMethods.AddTest()
]]></stack-trace>
                </failure>
              </test-case>
            </results>
          </test-suite>
        </results>
      </test-suite>
    </results>
  </test-suite>
</test-results>