<?xml version="1.0" encoding="utf-8" standalone="no"?>
<!--This file represents the results of running a test suite-->
<test-results name="C:\Users\Administrator\Documents\Visual Studio 2010\Projects\Calc\CalcTest\bin\Debug\CalcTest.dll" total="7" errors="1" failures="0" not-run="0" inconclusive="0" ignored="0" skipped="0" invalid="0" date="2013-01-30" time="09:56:17">
  <environment nunit-version="2.6.2.12296" clr-version="2.0.50727.5466" os-version="Microsoft Windows NT 6.1.7601 Service Pack 1" platform="Win32NT" cwd="C:\Program Files (x86)\NUnit 2.6.2\bin" machine-name="m5169" user="Administrator" user-domain="m5169" />
  <culture-info current-culture="en-US" current-uiculture="en-US" />
  <test-suite type="Assembly" name="C:\Users\Administrator\Documents\Visual Studio 2010\Projects\Calc\CalcTest\bin\Debug\CalcTest.dll" executed="True" result="Failure" success="False" time="11.513" asserts="0">
    <results>
      <test-suite type="Namespace" name="CalcTest" executed="True" result="Failure" success="False" time="11.497" asserts="0">
        <results>
          <test-suite type="TestFixture" name="TestFormNegative" executed="True" result="Success" success="True" time="1.264" asserts="0">
            <results>
              <test-case name="CalcTest.TestFormNegative.NoDataTest" executed="True" result="Success" success="True" time="1.217" asserts="0" />
            </results>
          </test-suite>
          <test-suite type="TestFixture" name="TestFormPositive" executed="True" result="Success" success="True" time="0.094" asserts="0">
            <results>
              <test-case name="CalcTest.TestFormPositive.CorrectAddTest" executed="True" result="Success" success="True" time="0.062" asserts="6" />
              <test-case name="CalcTest.TestFormPositive.CorrectMultTest" executed="True" result="Success" success="True" time="0.031" asserts="5" />
            </results>
          </test-suite>
          <test-suite type="TestFixture" name="TestMethods" executed="True" result="Success" success="True" time="0.000" asserts="0">
            <results>
              <test-case name="CalcTest.TestMethods.AddTest" executed="True" result="Success" success="True" time="0.000" asserts="1" />
              <test-case name="CalcTest.TestMethods.MultTest" executed="True" result="Success" success="True" time="0.000" asserts="1" />
            </results>
          </test-suite>
          <test-suite type="TestFixture" name="TestNewForms" executed="True" result="Failure" success="False" time="10.109" asserts="0">
            <results>
              <test-case name="CalcTest.TestNewForms.ButtonForm1Click" executed="True" result="Error" success="False" time="9.906" asserts="1">
                <failure>
                  <message><![CDATA[
TearDown : NUnit.Extensions.Forms.FormsTestAssertionException : unexpected/expected modal was invoked/not invoked]]></message>
                  <stack-trace><![CDATA[at CalcTest.TestNewForms.ButtonForm1Click() in C:\Users\Administrator\documents\visual studio 2010\Projects\Calc\CalcTest\TestNewForms.cs:line 49
--TearDown
at NUnit.Extensions.Forms.NUnitFormTest.Verify()
]]></stack-trace>
                </failure>
              </test-case>
              <test-case name="CalcTest.TestNewForms.FormCreate" executed="True" result="Success" success="True" time="0.016" asserts="1" />
            </results>
          </test-suite>
        </results>
      </test-suite>
    </results>
  </test-suite>
</test-results>